2017-02-22 19:12:25.308 [main] INFO  [com.etime.arch.redis.lock.DistributedLockTest] - 测试多线程争抢全局锁开始...
2017-02-22 19:12:25.319 [main] INFO  [com.etime.arch.redis.lock.DistributedLockTest] - 测试多线程争抢全局锁结束...
2017-02-22 19:13:55.181 [main] INFO  [com.etime.arch.redis.lock.DistributedLockTest] - 测试多线程争抢全局锁开始...
2017-02-22 19:13:55.187 [main] INFO  [com.etime.arch.redis.lock.DistributedLockTest] - 测试多线程争抢全局锁结束...
2017-02-22 19:14:38.868 [main] INFO  [com.etime.arch.redis.lock.DistributedLockTest] - 测试多线程争抢全局锁开始...
2017-02-22 19:14:39.017 [main] INFO  [com.etime.arch.redis.lock.Task] - main获得锁
2017-02-22 19:14:44.027 [main] INFO  [com.etime.arch.redis.lock.Task] - main释放锁
2017-02-22 19:14:44.031 [main] INFO  [com.etime.arch.redis.lock.Task] - main获得锁
2017-02-22 19:14:49.044 [main] INFO  [com.etime.arch.redis.lock.Task] - main释放锁
2017-02-22 19:14:49.051 [main] INFO  [com.etime.arch.redis.lock.Task] - main获得锁
2017-02-22 19:19:40.081 [main] INFO  [com.etime.arch.redis.lock.DistributedLockTest] - 测试多线程争抢全局锁开始...
2017-02-22 19:19:40.128 [main] INFO  [com.etime.arch.redis.lock.Task] - main获得锁
2017-02-22 19:19:45.135 [main] INFO  [com.etime.arch.redis.lock.Task] - main释放锁
2017-02-22 19:19:45.148 [main] INFO  [com.etime.arch.redis.lock.Task] - main获得锁
2017-02-22 19:19:50.156 [main] INFO  [com.etime.arch.redis.lock.Task] - main释放锁
2017-02-22 19:19:50.164 [main] INFO  [com.etime.arch.redis.lock.Task] - main获得锁
2017-02-22 19:19:55.170 [main] INFO  [com.etime.arch.redis.lock.Task] - main释放锁
2017-02-22 19:19:55.177 [main] INFO  [com.etime.arch.redis.lock.Task] - main获得锁
2017-02-22 19:20:00.224 [main] INFO  [com.etime.arch.redis.lock.Task] - main释放锁
2017-02-22 19:20:00.249 [main] INFO  [com.etime.arch.redis.lock.Task] - main获得锁
2017-02-22 19:20:05.268 [main] INFO  [com.etime.arch.redis.lock.Task] - main释放锁
2017-02-22 19:20:05.295 [main] INFO  [com.etime.arch.redis.lock.Task] - main获得锁
2017-02-22 19:20:10.318 [main] INFO  [com.etime.arch.redis.lock.Task] - main释放锁
2017-02-22 19:20:10.329 [main] INFO  [com.etime.arch.redis.lock.Task] - main获得锁
2017-02-22 19:20:15.337 [main] INFO  [com.etime.arch.redis.lock.Task] - main释放锁
2017-02-22 19:20:15.341 [main] INFO  [com.etime.arch.redis.lock.Task] - main获得锁
2017-02-22 19:20:20.416 [main] INFO  [com.etime.arch.redis.lock.Task] - main释放锁
2017-02-22 19:20:20.420 [main] INFO  [com.etime.arch.redis.lock.Task] - main获得锁
2017-02-22 19:20:25.426 [main] INFO  [com.etime.arch.redis.lock.Task] - main释放锁
2017-02-22 19:20:25.429 [main] INFO  [com.etime.arch.redis.lock.Task] - main获得锁
2017-02-22 19:20:30.943 [main] INFO  [com.etime.arch.redis.lock.Task] - main释放锁
2017-02-22 19:20:30.943 [main] INFO  [com.etime.arch.redis.lock.DistributedLockTest] - 测试多线程争抢全局锁结束...
2017-02-22 19:21:54.580 [main] INFO  [com.etime.arch.redis.lock.Task] - main获得锁
2017-02-22 19:21:59.592 [main] INFO  [com.etime.arch.redis.lock.Task] - main释放锁
2017-02-22 19:21:59.598 [main] INFO  [com.etime.arch.redis.lock.Task] - main获得锁
2017-02-22 19:23:15.068 [线程4] INFO  [com.etime.arch.redis.lock.Task] - 线程4获得锁
2017-02-22 19:23:15.070 [线程10] INFO  [com.etime.arch.redis.lock.Task] - 线程10获得锁
2017-02-22 19:23:15.068 [线程5] INFO  [com.etime.arch.redis.lock.Task] - 线程5获得锁
2017-02-22 19:23:15.070 [线程9] INFO  [com.etime.arch.redis.lock.Task] - 线程9获得锁
2017-02-22 19:23:15.067 [线程3] INFO  [com.etime.arch.redis.lock.Task] - 线程3获得锁
2017-02-22 19:23:15.067 [线程2] INFO  [com.etime.arch.redis.lock.Task] - 线程2获得锁
2017-02-22 19:23:15.068 [线程1] INFO  [com.etime.arch.redis.lock.Task] - 线程1获得锁
2017-02-22 19:23:15.067 [线程6] INFO  [com.etime.arch.redis.lock.Task] - 线程6获得锁
2017-02-22 19:23:15.067 [线程7] INFO  [com.etime.arch.redis.lock.Task] - 线程7获得锁
2017-02-22 19:23:15.067 [线程8] INFO  [com.etime.arch.redis.lock.Task] - 线程8获得锁
2017-02-22 19:23:20.111 [线程4] INFO  [com.etime.arch.redis.lock.Task] - 线程4释放锁
2017-02-22 19:23:20.116 [线程10] INFO  [com.etime.arch.redis.lock.Task] - 线程10释放锁
2017-02-22 19:23:20.126 [线程9] INFO  [com.etime.arch.redis.lock.Task] - 线程9释放锁
2017-02-22 19:23:20.126 [线程3] INFO  [com.etime.arch.redis.lock.Task] - 线程3释放锁
2017-02-22 19:23:20.126 [线程2] INFO  [com.etime.arch.redis.lock.Task] - 线程2释放锁
2017-02-22 19:23:20.126 [线程5] INFO  [com.etime.arch.redis.lock.Task] - 线程5释放锁
2017-02-22 19:23:20.127 [线程1] INFO  [com.etime.arch.redis.lock.Task] - 线程1释放锁
2017-02-22 19:23:20.127 [线程6] INFO  [com.etime.arch.redis.lock.Task] - 线程6释放锁
2017-02-22 19:23:20.128 [线程8] INFO  [com.etime.arch.redis.lock.Task] - 线程8释放锁
2017-02-22 19:23:20.128 [线程7] INFO  [com.etime.arch.redis.lock.Task] - 线程7释放锁
2017-02-22 19:24:09.855 [线程9] INFO  [com.etime.arch.redis.lock.Task] - 线程9获得锁
2017-02-22 19:24:09.852 [线程4] INFO  [com.etime.arch.redis.lock.Task] - 线程4获得锁
2017-02-22 19:24:09.852 [线程1] INFO  [com.etime.arch.redis.lock.Task] - 线程1获得锁
2017-02-22 19:24:09.854 [线程10] INFO  [com.etime.arch.redis.lock.Task] - 线程10获得锁
2017-02-22 19:24:09.852 [线程2] INFO  [com.etime.arch.redis.lock.Task] - 线程2获得锁
2017-02-22 19:24:09.852 [线程5] INFO  [com.etime.arch.redis.lock.Task] - 线程5获得锁
2017-02-22 19:24:09.852 [线程8] INFO  [com.etime.arch.redis.lock.Task] - 线程8获得锁
2017-02-22 19:24:09.852 [线程3] INFO  [com.etime.arch.redis.lock.Task] - 线程3获得锁
2017-02-22 19:24:09.852 [线程7] INFO  [com.etime.arch.redis.lock.Task] - 线程7获得锁
2017-02-22 19:24:09.852 [线程6] INFO  [com.etime.arch.redis.lock.Task] - 线程6获得锁
2017-02-22 19:24:19.866 [线程1] INFO  [com.etime.arch.redis.lock.Task] - 线程1释放锁
2017-02-22 19:24:19.868 [线程9] INFO  [com.etime.arch.redis.lock.Task] - 线程9释放锁
2017-02-22 19:24:19.868 [线程4] INFO  [com.etime.arch.redis.lock.Task] - 线程4释放锁
2017-02-22 19:24:19.868 [线程7] INFO  [com.etime.arch.redis.lock.Task] - 线程7释放锁
2017-02-22 19:24:19.868 [线程2] INFO  [com.etime.arch.redis.lock.Task] - 线程2释放锁
2017-02-22 19:24:19.868 [线程3] INFO  [com.etime.arch.redis.lock.Task] - 线程3释放锁
2017-02-22 19:24:19.868 [线程10] INFO  [com.etime.arch.redis.lock.Task] - 线程10释放锁
2017-02-22 19:24:19.868 [线程8] INFO  [com.etime.arch.redis.lock.Task] - 线程8释放锁
2017-02-22 19:24:19.872 [线程5] INFO  [com.etime.arch.redis.lock.Task] - 线程5释放锁
2017-02-22 19:24:19.872 [线程6] INFO  [com.etime.arch.redis.lock.Task] - 线程6释放锁
2017-02-22 19:24:59.447 [线程4] INFO  [com.etime.arch.redis.lock.Task] - 线程4获得锁
2017-02-22 19:24:59.449 [线程1] INFO  [com.etime.arch.redis.lock.Task] - 线程1获得锁
2017-02-22 19:24:59.449 [线程6] INFO  [com.etime.arch.redis.lock.Task] - 线程6获得锁
2017-02-22 19:24:59.449 [线程8] INFO  [com.etime.arch.redis.lock.Task] - 线程8获得锁
2017-02-22 19:24:59.454 [线程3] INFO  [com.etime.arch.redis.lock.Task] - 线程3获得锁
2017-02-22 19:24:59.454 [线程5] INFO  [com.etime.arch.redis.lock.Task] - 线程5获得锁
2017-02-22 19:24:59.454 [线程7] INFO  [com.etime.arch.redis.lock.Task] - 线程7获得锁
2017-02-22 19:24:59.454 [线程9] INFO  [com.etime.arch.redis.lock.Task] - 线程9获得锁
2017-02-22 19:24:59.454 [线程10] INFO  [com.etime.arch.redis.lock.Task] - 线程10获得锁
2017-02-22 19:24:59.456 [线程2] INFO  [com.etime.arch.redis.lock.Task] - 线程2获得锁
2017-02-22 19:29:42.007 [线程3] INFO  [com.etime.arch.redis.lock.Task] - 线程3获得锁
2017-02-22 19:29:42.007 [线程7] INFO  [com.etime.arch.redis.lock.Task] - 线程7获得锁
2017-02-22 19:29:42.007 [线程5] INFO  [com.etime.arch.redis.lock.Task] - 线程5获得锁
2017-02-22 19:29:42.007 [线程6] INFO  [com.etime.arch.redis.lock.Task] - 线程6获得锁
2017-02-22 19:29:42.007 [线程2] INFO  [com.etime.arch.redis.lock.Task] - 线程2获得锁
2017-02-22 19:29:42.007 [线程4] INFO  [com.etime.arch.redis.lock.Task] - 线程4获得锁
2017-02-22 19:29:42.007 [线程8] INFO  [com.etime.arch.redis.lock.Task] - 线程8获得锁
2017-02-22 19:29:42.007 [线程1] INFO  [com.etime.arch.redis.lock.Task] - 线程1获得锁
2017-02-22 19:29:42.013 [线程9] INFO  [com.etime.arch.redis.lock.Task] - 线程9获得锁
2017-02-22 19:29:42.013 [线程10] INFO  [com.etime.arch.redis.lock.Task] - 线程10获得锁
2017-02-22 19:52:34.817 [线程8] INFO  [com.etime.arch.redis.lock.Task] - 线程8获得锁
2017-02-22 19:52:34.822 [线程3] INFO  [com.etime.arch.redis.lock.Task] - 线程3获得锁
2017-02-22 19:52:34.825 [线程7] INFO  [com.etime.arch.redis.lock.Task] - 线程7获得锁
2017-02-22 19:52:34.825 [线程5] INFO  [com.etime.arch.redis.lock.Task] - 线程5获得锁
2017-02-22 19:52:34.825 [线程4] INFO  [com.etime.arch.redis.lock.Task] - 线程4获得锁
2017-02-22 19:52:34.825 [线程1] INFO  [com.etime.arch.redis.lock.Task] - 线程1获得锁
2017-02-22 19:52:34.825 [线程6] INFO  [com.etime.arch.redis.lock.Task] - 线程6获得锁
2017-02-22 19:52:34.825 [线程2] INFO  [com.etime.arch.redis.lock.Task] - 线程2获得锁
2017-02-22 19:53:53.863 [线程5] INFO  [com.etime.arch.redis.lock.Task] - 线程5获得锁
2017-02-22 19:55:38.307 [线程10] INFO  [com.etime.arch.redis.lock.Task] - 线程10获得锁
2017-02-22 19:56:42.689 [线程1] INFO  [com.etime.arch.redis.lock.Task] - 线程1获得锁
2017-02-22 19:59:34.636 [线程4] INFO  [com.etime.arch.redis.lock.Task] - 线程4获得锁
2017-02-22 20:00:29.142 [线程6] INFO  [com.etime.arch.redis.lock.Task] - 线程6获得锁
2017-02-22 20:00:29.146 [线程6] INFO  [com.etime.arch.redis.lock.Task] - 线程6执行业务操作
2017-02-22 20:01:06.909 [线程10] INFO  [com.etime.arch.redis.lock.Task] - 线程10获得锁
2017-02-22 20:01:06.911 [线程10] INFO  [com.etime.arch.redis.lock.Task] - 线程10执行业务操作
2017-02-22 20:01:06.912 [线程10] INFO  [com.etime.arch.redis.lock.Task] - 368d4f15-26d8-484a-81df-bdf655f3f8ea
2017-02-22 20:03:40.415 [线程10] INFO  [com.etime.arch.redis.lock.Task] - 线程10获得锁
2017-02-22 20:03:40.418 [线程10] INFO  [com.etime.arch.redis.lock.Task] - 线程10执行业务操作
2017-02-22 20:03:40.418 [线程10] INFO  [com.etime.arch.redis.lock.Task] - c1f764ae-61c1-4ac6-acf9-5c53bc5eb5da
2017-02-22 20:04:10.738 [线程5] INFO  [com.etime.arch.redis.lock.Task] - 线程5获得锁
2017-02-22 20:04:10.742 [线程5] INFO  [com.etime.arch.redis.lock.Task] - 线程5执行业务操作
2017-02-22 20:04:10.743 [线程5] INFO  [com.etime.arch.redis.lock.Task] - 7403862b-9d97-4bd9-8040-fd8989be9e5b
2017-02-22 20:05:05.920 [线程3] INFO  [com.etime.arch.redis.lock.Task] - 线程3获得锁
2017-02-22 20:05:05.922 [线程3] INFO  [com.etime.arch.redis.lock.Task] - 线程3执行业务操作
2017-02-22 20:05:05.922 [线程3] INFO  [com.etime.arch.redis.lock.Task] - 0d3fadab-edbd-4fa0-a20b-60edc1d623a6
2017-02-22 20:05:30.333 [线程3] INFO  [com.etime.arch.redis.lock.Task] - 线程3获得锁
2017-02-22 20:05:30.336 [线程3] INFO  [com.etime.arch.redis.lock.Task] - 线程3执行业务操作
2017-02-22 20:05:30.337 [线程3] INFO  [com.etime.arch.redis.lock.Task] - 578d9647-5659-48bb-8bb9-1856dcbef825
2017-02-22 20:07:08.577 [线程4] INFO  [com.etime.arch.redis.lock.Task] - 线程4获得锁
2017-02-22 20:07:08.581 [线程4] INFO  [com.etime.arch.redis.lock.Task] - 线程4执行业务操作
2017-02-22 20:07:08.582 [线程4] INFO  [com.etime.arch.redis.lock.Task] - a4b25394-2a2e-4a86-84a6-615e02126126
2017-02-22 20:08:33.074 [线程3] INFO  [com.etime.arch.redis.lock.Task] - 线程3获得锁
2017-02-22 20:08:33.077 [线程3] INFO  [com.etime.arch.redis.lock.Task] - 线程3执行业务操作
2017-02-22 20:08:33.077 [线程3] INFO  [com.etime.arch.redis.lock.Task] - 3a881902-4228-41af-ac4b-ae7872f5884f
2017-02-22 20:09:59.155 [线程6] INFO  [com.etime.arch.redis.lock.Task] - 线程6获得锁
2017-02-22 20:09:59.158 [线程6] INFO  [com.etime.arch.redis.lock.Task] - 线程6执行业务操作
2017-02-22 20:09:59.158 [线程6] INFO  [com.etime.arch.redis.lock.Task] - 502fc9ad-800f-4d18-b719-a30817f05ac6
2017-02-22 20:10:17.908 [线程10] INFO  [com.etime.arch.redis.lock.Task] - 线程10获得锁
2017-02-22 20:10:17.912 [线程10] INFO  [com.etime.arch.redis.lock.Task] - 线程10执行业务操作
2017-02-22 20:10:17.912 [线程10] INFO  [com.etime.arch.redis.lock.Task] - 4e66085f-0c3b-436f-aac5-248310095fa7
2017-02-22 20:11:59.063 [线程5] INFO  [com.etime.arch.redis.lock.Task] - 线程5获得锁
2017-02-22 20:11:59.065 [线程5] INFO  [com.etime.arch.redis.lock.Task] - 线程5执行业务操作
2017-02-22 20:11:59.066 [线程5] INFO  [com.etime.arch.redis.lock.Task] - c589f2ea-acca-4a77-b06f-05478372462c
2017-02-22 20:12:09.094 [线程6] INFO  [com.etime.arch.redis.lock.Task] - 线程6获得锁
2017-02-22 20:12:09.095 [线程6] INFO  [com.etime.arch.redis.lock.Task] - 线程6执行业务操作
2017-02-22 20:12:09.095 [线程6] INFO  [com.etime.arch.redis.lock.Task] - 1b993b71-a70b-4491-8415-a967c2d237a8
2017-02-22 20:12:19.103 [线程3] INFO  [com.etime.arch.redis.lock.Task] - 线程3获得锁
2017-02-22 20:12:19.104 [线程3] INFO  [com.etime.arch.redis.lock.Task] - 线程3执行业务操作
2017-02-22 20:12:19.104 [线程3] INFO  [com.etime.arch.redis.lock.Task] - beccf50a-6723-4382-a6f9-dfb9512acff5
2017-02-22 20:12:29.118 [线程1] INFO  [com.etime.arch.redis.lock.Task] - 线程1获得锁
2017-02-22 20:12:29.118 [线程1] INFO  [com.etime.arch.redis.lock.Task] - 线程1执行业务操作
2017-02-22 20:12:29.118 [线程1] INFO  [com.etime.arch.redis.lock.Task] - 7f68583d-a162-45b8-ae96-40519c75bf28
2017-02-22 20:12:39.121 [线程2] INFO  [com.etime.arch.redis.lock.Task] - 线程2获得锁
2017-02-22 20:12:39.122 [线程2] INFO  [com.etime.arch.redis.lock.Task] - 线程2执行业务操作
2017-02-22 20:12:39.122 [线程2] INFO  [com.etime.arch.redis.lock.Task] - b68e3051-199f-48fd-aced-51f01248331a
2017-02-22 20:14:02.856 [线程8] INFO  [com.etime.arch.redis.lock.Task] - 线程8获得锁
2017-02-22 20:14:02.859 [线程8] INFO  [com.etime.arch.redis.lock.Task] - 线程8执行业务操作
2017-02-22 20:14:02.859 [线程8] INFO  [com.etime.arch.redis.lock.Task] - 00fd719c-bfff-4d84-8ee2-90c48fdcad1e
2017-02-22 20:14:39.842 [线程3] INFO  [com.etime.arch.redis.lock.Task] - 线程3获得锁
2017-02-22 20:14:39.847 [线程3] INFO  [com.etime.arch.redis.lock.Task] - 线程3执行业务操作
2017-02-22 20:14:39.847 [线程3] INFO  [com.etime.arch.redis.lock.Task] - e2ae7ff7-33ce-487e-bd00-b08666ec8d83
2017-02-22 20:14:42.865 [线程2] INFO  [com.etime.arch.redis.lock.Task] - 线程2获得锁
2017-02-22 20:14:42.866 [线程2] INFO  [com.etime.arch.redis.lock.Task] - 线程2执行业务操作
2017-02-22 20:14:42.866 [线程2] INFO  [com.etime.arch.redis.lock.Task] - f3fe6442-6e99-4839-bc58-14e5b5962d2f
2017-02-22 20:15:27.808 [线程4] INFO  [com.etime.arch.redis.lock.Task] - 线程4获得锁
2017-02-22 20:15:27.811 [线程4] INFO  [com.etime.arch.redis.lock.Task] - 线程4执行业务操作
2017-02-22 20:15:27.811 [线程4] INFO  [com.etime.arch.redis.lock.Task] - d5967f1c-46d6-430c-8914-6c87f2ad1965
2017-02-22 20:15:29.814 [线程10] INFO  [com.etime.arch.redis.lock.Task] - 线程10获得锁
2017-02-22 20:15:29.815 [线程10] INFO  [com.etime.arch.redis.lock.Task] - 线程10执行业务操作
2017-02-22 20:15:29.815 [线程10] INFO  [com.etime.arch.redis.lock.Task] - dbf2138e-2400-4e6d-8d38-b79c2fa30a9e
2017-02-22 20:15:58.105 [main] INFO  [com.etime.arch.redis.lock.DistributedLockTest] - 测试多线程争抢全局锁开始...
2017-02-22 20:15:58.111 [main] INFO  [com.etime.arch.redis.lock.DistributedLockTest] - 测试多线程争抢全局锁结束...
